<?xml version="1.0" encoding="UTF-8"?>
<!-- Generated by org.testng.reporters.JUnitReportReporter -->
<testsuite hostname="Shasthri" failures="0" tests="1" name="TakeScreenShot.DemoScreenshot" time="20.374" errors="0" timestamp="2024-12-06T20:51:48 IST" skipped="0">
  <testcase classname="TakeScreenShot.DemoScreenshot" name="demo" time="20.374"/>
  <system-out/>
</testsuite> <!-- TakeScreenShot.DemoScreenshot -->
