<?xml version="1.0" encoding="UTF-8"?>
<!-- Generated by org.testng.reporters.JUnitReportReporter -->
<testsuite hostname="Shasthri" failures="0" tests="1" name="Demo.demo" time="0.001" errors="0" timestamp="2024-12-04T08:03:21 IST" skipped="0">
  <testcase classname="Demo.demo" name="demoa" time="0.001"/>
  <system-out>
    <![CDATA[Hello]]>
  </system-out>
</testsuite> <!-- Demo.demo -->
