<?xml version="1.0" encoding="UTF-8"?>
<!-- Generated by org.testng.reporters.JUnitReportReporter -->
<testsuite hostname="Shasthri" failures="0" tests="3" name="Demo.DemoTest" time="0.003" errors="0" timestamp="2024-12-04T08:03:21 IST" skipped="0">
  <testcase classname="Demo.DemoTest" name="Demo" time="0.001"/>
  <system-out>
    <![CDATA[Hello world]]>
  </system-out>
  <testcase classname="Demo.DemoTest" name="demo" time="0.001"/>
  <system-out/>
  <testcase classname="Demo.DemoTest" name="DemoB" time="0.001"/>
  <system-out>
    <![CDATA[welcome to qspiders]]>
  </system-out>
</testsuite> <!-- Demo.DemoTest -->
